[2020-10-01T12:11:35.920266-03:00] update_category.INFO: SELECT * FROM categoria WHERE id=4 [] []
[2020-10-01T12:11:35.920961-03:00] update_category.INFO: SELECT * FROM categoria WHERE id=4 [] []
[2020-10-01T12:11:35.921291-03:00] update_category.INFO: UPDATE categoria SET descricao = 'Frutos do Mar', ativo = 0 WHERE id=4 [] []
[2020-10-01T12:12:02.986037-03:00] update_category.INFO: SELECT * FROM categoria WHERE id=3 [] []
[2020-10-01T12:12:02.986866-03:00] update_category.INFO: SELECT * FROM categoria WHERE id=3 [] []
[2020-10-01T12:12:02.987188-03:00] update_category.INFO: UPDATE categoria SET descricao = 'Sobremesa', ativo = 0 WHERE id=3 [] []
[2020-10-01T12:12:09.153823-03:00] update_category.INFO: SELECT * FROM categoria WHERE id=3 [] []
[2020-10-01T12:12:09.154373-03:00] update_category.INFO: SELECT * FROM categoria WHERE id=3 [] []
[2020-10-01T12:12:09.154639-03:00] update_category.INFO: UPDATE categoria SET descricao = 'Sobremesa', ativo = '1' WHERE id=3 [] []
[2020-10-01T12:12:13.010692-03:00] update_category.INFO: SELECT * FROM categoria WHERE id=4 [] []
[2020-10-01T12:12:13.011479-03:00] update_category.INFO: SELECT * FROM categoria WHERE id=4 [] []
[2020-10-01T12:12:13.011800-03:00] update_category.INFO: UPDATE categoria SET descricao = 'Frutos do Mar', ativo = '1' WHERE id=4 [] []
[2020-10-01T12:15:20.955530-03:00] update_category.INFO: SELECT * FROM categoria WHERE id=4 [] []
[2020-10-01T12:15:20.956172-03:00] update_category.INFO: SELECT * FROM categoria WHERE id=4 [] []
[2020-10-01T12:15:20.956484-03:00] update_category.INFO: UPDATE categoria SET descricao = 'Frutos do Mar', ativo = '1' WHERE id=4 [] []
[2020-10-01T12:15:31.731497-03:00] update_category.INFO: SELECT * FROM categoria WHERE id=4 [] []
[2020-10-01T12:15:31.732139-03:00] update_category.INFO: SELECT * FROM categoria WHERE id=4 [] []
[2020-10-01T12:15:31.732450-03:00] update_category.INFO: UPDATE categoria SET descricao = 'Frutos do Mar', ativo = 0 WHERE id=4 [] []
[2020-10-01T12:16:07.009775-03:00] update_category.INFO: SELECT * FROM categoria WHERE id=3 [] []
[2020-10-01T12:16:07.010422-03:00] update_category.INFO: SELECT * FROM categoria WHERE id=3 [] []
[2020-10-01T12:16:07.010651-03:00] update_category.INFO: UPDATE categoria SET descricao = 'Sobremesa', ativo = 0 WHERE id=3 [] []
[2020-10-01T12:16:17.388113-03:00] update_category.INFO: SELECT * FROM categoria WHERE id=4 [] []
[2020-10-01T12:16:17.394469-03:00] update_category.INFO: SELECT * FROM categoria WHERE id=4 [] []
[2020-10-01T12:16:17.394786-03:00] update_category.INFO: UPDATE categoria SET descricao = 'Frutos do Mar', ativo = '1' WHERE id=4 [] []
[2020-10-01T12:16:18.404950-03:00] update_category.INFO: SELECT * FROM categoria WHERE id=3 [] []
[2020-10-01T12:16:18.405627-03:00] update_category.INFO: SELECT * FROM categoria WHERE id=3 [] []
[2020-10-01T12:16:18.405896-03:00] update_category.INFO: UPDATE categoria SET descricao = 'Sobremesa', ativo = '1' WHERE id=3 [] []
[2020-10-01T13:56:32.650463-03:00] update_category.INFO: SELECT * FROM categoria WHERE id=2 [] []
[2020-10-01T13:56:32.651209-03:00] update_category.INFO: SELECT * FROM categoria WHERE id=2 [] []
[2020-10-01T13:56:32.651547-03:00] update_category.INFO: UPDATE categoria SET descricao = 'Vinhos', ativo = '1' WHERE id=2 [] []
[2020-10-01T13:56:39.812308-03:00] update_category.INFO: SELECT * FROM categoria WHERE id=2 [] []
[2020-10-01T13:56:39.812736-03:00] update_category.INFO: SELECT * FROM categoria WHERE id=2 [] []
[2020-10-01T13:56:39.813004-03:00] update_category.INFO: UPDATE categoria SET descricao = 'Vinhos', ativo = 0 WHERE id=2 [] []
[2020-10-01T13:56:44.457038-03:00] update_category.INFO: SELECT * FROM categoria WHERE id=2 [] []
[2020-10-01T13:56:44.457570-03:00] update_category.INFO: SELECT * FROM categoria WHERE id=2 [] []
[2020-10-01T13:56:44.457785-03:00] update_category.INFO: UPDATE categoria SET descricao = 'Vinhos', ativo = '1' WHERE id=2 [] []
[2020-10-01T15:22:06.873141-03:00] update_category.INFO: SELECT * FROM categoria WHERE id=1 [] []
[2020-10-01T15:22:06.873556-03:00] update_category.INFO: SELECT * FROM categoria WHERE id=1 [] []
[2020-10-01T15:22:06.873793-03:00] update_category.INFO: UPDATE categoria SET descricao = 'Sobremesa', ativo = '1' WHERE id=1 [] []
[2020-10-01T15:22:08.672746-03:00] update_category.INFO: SELECT * FROM categoria WHERE id=1 [] []
[2020-10-01T15:22:08.673102-03:00] update_category.INFO: SELECT * FROM categoria WHERE id=1 [] []
[2020-10-01T15:22:08.673301-03:00] update_category.INFO: UPDATE categoria SET descricao = 'Sobremesa', ativo = '1' WHERE id=1 [] []
[2020-10-01T15:22:20.687611-03:00] update_category.INFO: SELECT * FROM categoria WHERE id=1 [] []
[2020-10-01T15:22:20.688061-03:00] update_category.INFO: SELECT * FROM categoria WHERE id=1 [] []
[2020-10-01T15:22:20.688354-03:00] update_category.INFO: UPDATE categoria SET descricao = 'Sobremesa', ativo = 0 WHERE id=1 [] []
[2020-10-01T15:22:37.479106-03:00] update_category.INFO: SELECT * FROM categoria WHERE id=1 [] []
[2020-10-01T15:22:37.479904-03:00] update_category.INFO: SELECT * FROM categoria WHERE id=1 [] []
[2020-10-01T15:22:37.480186-03:00] update_category.INFO: UPDATE categoria SET descricao = 'Sobremesa', ativo = '1' WHERE id=1 [] []
[2020-10-01T15:22:43.383415-03:00] update_category.INFO: SELECT * FROM categoria WHERE id=1 [] []
[2020-10-01T15:22:43.383927-03:00] update_category.INFO: SELECT * FROM categoria WHERE id=1 [] []
[2020-10-01T15:22:43.384119-03:00] update_category.INFO: UPDATE categoria SET descricao = 'Sobremesa', ativo = 0 WHERE id=1 [] []
[2020-10-01T15:22:49.313878-03:00] update_category.INFO: SELECT * FROM categoria WHERE id=1 [] []
[2020-10-01T15:22:49.314488-03:00] update_category.INFO: SELECT * FROM categoria WHERE id=1 [] []
[2020-10-01T15:22:49.314789-03:00] update_category.INFO: UPDATE categoria SET descricao = 'Sobremesa', ativo = '1' WHERE id=1 [] []
[2020-10-01T15:22:50.931934-03:00] update_category.INFO: SELECT * FROM categoria WHERE id=1 [] []
[2020-10-01T15:22:50.932450-03:00] update_category.INFO: SELECT * FROM categoria WHERE id=1 [] []
[2020-10-01T15:22:50.932642-03:00] update_category.INFO: UPDATE categoria SET descricao = 'Sobremesa', ativo = 0 WHERE id=1 [] []
[2020-10-01T15:22:58.739204-03:00] update_category.INFO: SELECT * FROM categoria WHERE id=1 [] []
[2020-10-01T15:22:58.740059-03:00] update_category.INFO: SELECT * FROM categoria WHERE id=1 [] []
[2020-10-01T15:22:58.740377-03:00] update_category.INFO: UPDATE categoria SET descricao = 'Sobremesa', ativo = '1' WHERE id=1 [] []
[2020-10-01T15:23:31.722315-03:00] update_category.INFO: SELECT * FROM categoria WHERE id=2 [] []
[2020-10-01T15:23:31.722901-03:00] update_category.INFO: SELECT * FROM categoria WHERE id=2 [] []
[2020-10-01T15:23:31.723103-03:00] update_category.INFO: UPDATE categoria SET descricao = 'Vinhos', ativo = '1' WHERE id=2 [] []
[2020-10-01T15:23:43.696325-03:00] update_category.INFO: SELECT * FROM categoria WHERE id=2 [] []
[2020-10-01T15:23:43.696739-03:00] update_category.INFO: SELECT * FROM categoria WHERE id=2 [] []
[2020-10-01T15:23:43.696964-03:00] update_category.INFO: UPDATE categoria SET descricao = 'Vinhos', ativo = '1' WHERE id=2 [] []
[2020-10-01T15:24:08.834853-03:00] update_category.INFO: SELECT * FROM categoria WHERE id=2 [] []
[2020-10-01T15:24:08.835390-03:00] update_category.INFO: SELECT * FROM categoria WHERE id=2 [] []
[2020-10-01T15:24:08.835668-03:00] update_category.INFO: UPDATE categoria SET descricao = 'Vinhos', ativo = '1' WHERE id=2 [] []
[2020-10-01T15:24:24.273641-03:00] update_category.INFO: SELECT * FROM categoria WHERE id=1 [] []
[2020-10-01T15:24:24.274187-03:00] update_category.INFO: SELECT * FROM categoria WHERE id=1 [] []
[2020-10-01T15:24:24.274424-03:00] update_category.INFO: UPDATE categoria SET descricao = 'Sobremesa', ativo = '1' WHERE id=1 [] []
[2020-10-01T15:26:04.400772-03:00] update_category.INFO: SELECT * FROM categoria WHERE id=2 [] []
[2020-10-01T15:26:04.401183-03:00] update_category.INFO: SELECT * FROM categoria WHERE id=2 [] []
[2020-10-01T15:26:04.401382-03:00] update_category.INFO: UPDATE categoria SET descricao = 'Vinhos', ativo = '1' WHERE id=2 [] []
[2020-10-01T15:26:48.607385-03:00] update_category.INFO: SELECT * FROM categoria WHERE id=2 [] []
[2020-10-01T15:26:48.607813-03:00] update_category.INFO: SELECT * FROM categoria WHERE id=2 [] []
[2020-10-01T15:26:48.608009-03:00] update_category.INFO: UPDATE categoria SET descricao = 'Vinhos', ativo = '1' WHERE id=2 [] []
[2020-10-01T15:26:53.766999-03:00] update_category.INFO: SELECT * FROM categoria WHERE id=2 [] []
[2020-10-01T15:26:53.767418-03:00] update_category.INFO: SELECT * FROM categoria WHERE id=2 [] []
[2020-10-01T15:26:53.767633-03:00] update_category.INFO: UPDATE categoria SET descricao = 'Vinhos', ativo = '1' WHERE id=2 [] []
[2020-10-01T15:26:55.358490-03:00] update_category.INFO: SELECT * FROM categoria WHERE id=1 [] []
[2020-10-01T15:26:55.358877-03:00] update_category.INFO: SELECT * FROM categoria WHERE id=1 [] []
[2020-10-01T15:26:55.359089-03:00] update_category.INFO: UPDATE categoria SET descricao = 'Sobremesa', ativo = '1' WHERE id=1 [] []
[2020-10-01T15:29:04.188433-03:00] update_category.INFO: SELECT * FROM categoria WHERE id=2 [] []
[2020-10-01T15:29:04.188881-03:00] update_category.INFO: SELECT * FROM categoria WHERE id=2 [] []
[2020-10-01T15:29:04.189194-03:00] update_category.INFO: UPDATE categoria SET descricao = 'Vinhos', ativo = '1' WHERE id=2 [] []
[2020-10-01T15:29:16.971510-03:00] update_category.INFO: SELECT * FROM categoria WHERE id=2 [] []
[2020-10-01T15:29:16.971916-03:00] update_category.INFO: SELECT * FROM categoria WHERE id=2 [] []
[2020-10-01T15:29:16.972159-03:00] update_category.INFO: UPDATE categoria SET descricao = 'Vinhos', ativo = '1' WHERE id=2 [] []
[2020-10-01T15:29:23.602261-03:00] update_category.INFO: SELECT * FROM categoria WHERE id=2 [] []
[2020-10-01T15:29:23.602646-03:00] update_category.INFO: SELECT * FROM categoria WHERE id=2 [] []
[2020-10-01T15:29:23.602850-03:00] update_category.INFO: UPDATE categoria SET descricao = 'Vinhos', ativo = 0 WHERE id=2 [] []
[2020-10-01T15:29:31.871306-03:00] update_category.INFO: SELECT * FROM categoria WHERE id=1 [] []
[2020-10-01T15:29:31.871841-03:00] update_category.INFO: SELECT * FROM categoria WHERE id=1 [] []
[2020-10-01T15:29:31.874716-03:00] update_category.INFO: UPDATE categoria SET descricao = 'Sobremesa', ativo = 0 WHERE id=1 [] []
[2020-10-01T15:29:43.045806-03:00] update_category.INFO: SELECT * FROM categoria WHERE id=2 [] []
[2020-10-01T15:29:43.046563-03:00] update_category.INFO: SELECT * FROM categoria WHERE id=2 [] []
[2020-10-01T15:29:43.046819-03:00] update_category.INFO: UPDATE categoria SET descricao = 'Vinhos', ativo = '1' WHERE id=2 [] []
[2020-10-01T15:29:44.988983-03:00] update_category.INFO: SELECT * FROM categoria WHERE id=1 [] []
[2020-10-01T15:29:44.989487-03:00] update_category.INFO: SELECT * FROM categoria WHERE id=1 [] []
[2020-10-01T15:29:44.989711-03:00] update_category.INFO: UPDATE categoria SET descricao = 'Sobremesa', ativo = '1' WHERE id=1 [] []
[2020-10-01T15:29:59.054053-03:00] update_category.INFO: SELECT * FROM categoria WHERE id=2 [] []
[2020-10-01T15:29:59.054596-03:00] update_category.INFO: SELECT * FROM categoria WHERE id=2 [] []
[2020-10-01T15:29:59.054886-03:00] update_category.INFO: UPDATE categoria SET descricao = 'Vinhos', ativo = 0 WHERE id=2 [] []
[2020-10-01T15:30:02.720352-03:00] update_category.INFO: SELECT * FROM categoria WHERE id=2 [] []
[2020-10-01T15:30:02.720887-03:00] update_category.INFO: SELECT * FROM categoria WHERE id=2 [] []
[2020-10-01T15:30:02.721096-03:00] update_category.INFO: UPDATE categoria SET descricao = 'Vinhos', ativo = 0 WHERE id=2 [] []
[2020-10-01T15:30:04.119297-03:00] update_category.INFO: SELECT * FROM categoria WHERE id=2 [] []
[2020-10-01T15:30:04.119664-03:00] update_category.INFO: SELECT * FROM categoria WHERE id=2 [] []
[2020-10-01T15:30:04.119869-03:00] update_category.INFO: UPDATE categoria SET descricao = 'Vinhos', ativo = 0 WHERE id=2 [] []
[2020-10-01T15:30:05.684134-03:00] update_category.INFO: SELECT * FROM categoria WHERE id=1 [] []
[2020-10-01T15:30:05.684665-03:00] update_category.INFO: SELECT * FROM categoria WHERE id=1 [] []
[2020-10-01T15:30:05.684984-03:00] update_category.INFO: UPDATE categoria SET descricao = 'Sobremesa', ativo = '1' WHERE id=1 [] []
[2020-10-01T15:30:07.559499-03:00] update_category.INFO: SELECT * FROM categoria WHERE id=2 [] []
[2020-10-01T15:30:07.560079-03:00] update_category.INFO: SELECT * FROM categoria WHERE id=2 [] []
[2020-10-01T15:30:07.560380-03:00] update_category.INFO: UPDATE categoria SET descricao = 'Vinhos', ativo = 0 WHERE id=2 [] []
[2020-10-01T15:30:09.562804-03:00] update_category.INFO: SELECT * FROM categoria WHERE id=1 [] []
[2020-10-01T15:30:09.563331-03:00] update_category.INFO: SELECT * FROM categoria WHERE id=1 [] []
[2020-10-01T15:30:09.563615-03:00] update_category.INFO: UPDATE categoria SET descricao = 'Sobremesa', ativo = '1' WHERE id=1 [] []
[2020-10-01T15:30:12.272316-03:00] update_category.INFO: SELECT * FROM categoria WHERE id=2 [] []
[2020-10-01T15:30:12.272676-03:00] update_category.INFO: SELECT * FROM categoria WHERE id=2 [] []
[2020-10-01T15:30:12.272910-03:00] update_category.INFO: UPDATE categoria SET descricao = 'Vinhos', ativo = 0 WHERE id=2 [] []
[2020-10-01T15:30:49.735661-03:00] update_category.INFO: SELECT * FROM categoria WHERE id=2 [] []
[2020-10-01T15:30:49.736057-03:00] update_category.INFO: SELECT * FROM categoria WHERE id=2 [] []
[2020-10-01T15:30:49.736265-03:00] update_category.INFO: UPDATE categoria SET descricao = 'Vinhos', ativo = 0 WHERE id=2 [] []
[2020-10-01T15:30:58.468956-03:00] update_category.INFO: SELECT * FROM categoria WHERE id=2 [] []
[2020-10-01T15:30:58.469351-03:00] update_category.INFO: SELECT * FROM categoria WHERE id=2 [] []
[2020-10-01T15:30:58.469564-03:00] update_category.INFO: UPDATE categoria SET descricao = 'Vinhos', ativo = 0 WHERE id=2 [] []
[2020-10-01T15:32:48.281455-03:00] update_category.INFO: SELECT * FROM categoria WHERE id=2 [] []
[2020-10-01T15:32:48.281902-03:00] update_category.INFO: SELECT * FROM categoria WHERE id=2 [] []
[2020-10-01T15:32:48.282184-03:00] update_category.INFO: UPDATE categoria SET descricao = 'Vinhos', ativo = 0 WHERE id=2 [] []
[2020-10-01T15:32:58.474018-03:00] update_category.INFO: SELECT * FROM categoria WHERE id=1 [] []
[2020-10-01T15:32:58.474584-03:00] update_category.INFO: SELECT * FROM categoria WHERE id=1 [] []
[2020-10-01T15:32:58.474874-03:00] update_category.INFO: UPDATE categoria SET descricao = 'Sobremesa', ativo = '1' WHERE id=1 [] []
[2020-10-01T15:33:20.702136-03:00] update_category.INFO: SELECT * FROM categoria WHERE id=2 [] []
[2020-10-01T15:33:20.702582-03:00] update_category.INFO: SELECT * FROM categoria WHERE id=2 [] []
[2020-10-01T15:33:20.702809-03:00] update_category.INFO: UPDATE categoria SET descricao = 'Vinhos', ativo = 0 WHERE id=2 [] []
[2020-10-01T15:33:40.992891-03:00] update_category.INFO: SELECT * FROM categoria WHERE id=2 [] []
[2020-10-01T15:33:40.993397-03:00] update_category.INFO: SELECT * FROM categoria WHERE id=2 [] []
[2020-10-01T15:33:40.993665-03:00] update_category.INFO: UPDATE categoria SET descricao = 'Vinhos', ativo = 0 WHERE id=2 [] []
[2020-10-01T15:34:01.856203-03:00] update_category.INFO: SELECT * FROM categoria WHERE id=2 [] []
[2020-10-01T15:34:01.856629-03:00] update_category.INFO: SELECT * FROM categoria WHERE id=2 [] []
[2020-10-01T15:34:01.856897-03:00] update_category.INFO: UPDATE categoria SET descricao = 'Vinhos', ativo = 0 WHERE id=2 [] []
[2020-10-01T15:34:10.528830-03:00] update_category.INFO: SELECT * FROM categoria WHERE id=2 [] []
[2020-10-01T15:34:10.529221-03:00] update_category.INFO: SELECT * FROM categoria WHERE id=2 [] []
[2020-10-01T15:34:10.529464-03:00] update_category.INFO: UPDATE categoria SET descricao = 'Vinhos', ativo = '1' WHERE id=2 [] []
[2020-10-01T15:34:17.225141-03:00] update_category.INFO: SELECT * FROM categoria WHERE id=1 [] []
[2020-10-01T15:34:17.225749-03:00] update_category.INFO: SELECT * FROM categoria WHERE id=1 [] []
[2020-10-01T15:34:17.225956-03:00] update_category.INFO: UPDATE categoria SET descricao = 'Sobremesa', ativo = 0 WHERE id=1 [] []
[2020-10-01T15:34:18.799198-03:00] update_category.INFO: SELECT * FROM categoria WHERE id=2 [] []
[2020-10-01T15:34:18.799937-03:00] update_category.INFO: SELECT * FROM categoria WHERE id=2 [] []
[2020-10-01T15:34:18.800286-03:00] update_category.INFO: UPDATE categoria SET descricao = 'Vinhos', ativo = 0 WHERE id=2 [] []
[2020-10-01T15:34:30.084868-03:00] update_category.INFO: SELECT * FROM categoria WHERE id=2 [] []
[2020-10-01T15:34:30.085549-03:00] update_category.INFO: SELECT * FROM categoria WHERE id=2 [] []
[2020-10-01T15:34:30.085927-03:00] update_category.INFO: UPDATE categoria SET descricao = 'Vinhos', ativo = 0 WHERE id=2 [] []
[2020-10-01T15:35:07.045613-03:00] update_category.INFO: SELECT * FROM categoria WHERE id=2 [] []
[2020-10-01T15:35:07.046184-03:00] update_category.INFO: SELECT * FROM categoria WHERE id=2 [] []
[2020-10-01T15:35:07.046397-03:00] update_category.INFO: UPDATE categoria SET descricao = 'Vinhos', ativo = '1' WHERE id=2 [] []
[2020-10-01T15:35:08.544811-03:00] update_category.INFO: SELECT * FROM categoria WHERE id=1 [] []
[2020-10-01T15:35:08.545332-03:00] update_category.INFO: SELECT * FROM categoria WHERE id=1 [] []
[2020-10-01T15:35:08.545633-03:00] update_category.INFO: UPDATE categoria SET descricao = 'Sobremesa', ativo = '1' WHERE id=1 [] []
[2020-10-01T15:35:12.462494-03:00] update_category.INFO: SELECT * FROM categoria WHERE id=2 [] []
[2020-10-01T15:35:12.463371-03:00] update_category.INFO: SELECT * FROM categoria WHERE id=2 [] []
[2020-10-01T15:35:12.463704-03:00] update_category.INFO: UPDATE categoria SET descricao = 'Vinhos', ativo = '1' WHERE id=2 [] []
[2020-10-01T15:35:14.620898-03:00] update_category.INFO: SELECT * FROM categoria WHERE id=1 [] []
[2020-10-01T15:35:14.621684-03:00] update_category.INFO: SELECT * FROM categoria WHERE id=1 [] []
[2020-10-01T15:35:14.621971-03:00] update_category.INFO: UPDATE categoria SET descricao = 'Sobremesa', ativo = '1' WHERE id=1 [] []
[2020-10-01T15:35:17.438439-03:00] update_category.INFO: SELECT * FROM categoria WHERE id=2 [] []
[2020-10-01T15:35:17.438840-03:00] update_category.INFO: SELECT * FROM categoria WHERE id=2 [] []
[2020-10-01T15:35:17.439089-03:00] update_category.INFO: UPDATE categoria SET descricao = 'Vinhos', ativo = 0 WHERE id=2 [] []
[2020-10-01T15:35:18.668751-03:00] update_category.INFO: SELECT * FROM categoria WHERE id=1 [] []
[2020-10-01T15:35:18.669532-03:00] update_category.INFO: SELECT * FROM categoria WHERE id=1 [] []
[2020-10-01T15:35:18.669859-03:00] update_category.INFO: UPDATE categoria SET descricao = 'Sobremesa', ativo = 0 WHERE id=1 [] []
[2020-10-01T15:35:26.059451-03:00] update_category.INFO: SELECT * FROM categoria WHERE id=2 [] []
[2020-10-01T15:35:26.060178-03:00] update_category.INFO: SELECT * FROM categoria WHERE id=2 [] []
[2020-10-01T15:35:26.060464-03:00] update_category.INFO: UPDATE categoria SET descricao = 'Vinhos', ativo = '1' WHERE id=2 [] []
[2020-10-01T15:35:27.991788-03:00] update_category.INFO: SELECT * FROM categoria WHERE id=2 [] []
[2020-10-01T15:35:27.992337-03:00] update_category.INFO: SELECT * FROM categoria WHERE id=2 [] []
[2020-10-01T15:35:27.992552-03:00] update_category.INFO: UPDATE categoria SET descricao = 'Vinhos', ativo = 0 WHERE id=2 [] []
[2020-10-01T15:35:30.307384-03:00] update_category.INFO: SELECT * FROM categoria WHERE id=1 [] []
[2020-10-01T15:35:30.308002-03:00] update_category.INFO: SELECT * FROM categoria WHERE id=1 [] []
[2020-10-01T15:35:30.308343-03:00] update_category.INFO: UPDATE categoria SET descricao = 'Sobremesa', ativo = '1' WHERE id=1 [] []
[2020-10-01T15:35:31.957964-03:00] update_category.INFO: SELECT * FROM categoria WHERE id=1 [] []
[2020-10-01T15:35:31.959331-03:00] update_category.INFO: SELECT * FROM categoria WHERE id=1 [] []
[2020-10-01T15:35:31.959744-03:00] update_category.INFO: UPDATE categoria SET descricao = 'Sobremesa', ativo = 0 WHERE id=1 [] []
[2020-10-01T15:35:38.361814-03:00] update_category.INFO: SELECT * FROM categoria WHERE id=2 [] []
[2020-10-01T15:35:38.362547-03:00] update_category.INFO: SELECT * FROM categoria WHERE id=2 [] []
[2020-10-01T15:35:38.362834-03:00] update_category.INFO: UPDATE categoria SET descricao = 'Vinhos', ativo = '1' WHERE id=2 [] []
[2020-10-01T15:35:40.554759-03:00] update_category.INFO: SELECT * FROM categoria WHERE id=1 [] []
[2020-10-01T15:35:40.555423-03:00] update_category.INFO: SELECT * FROM categoria WHERE id=1 [] []
[2020-10-01T15:35:40.555703-03:00] update_category.INFO: UPDATE categoria SET descricao = 'Sobremesa', ativo = '1' WHERE id=1 [] []
[2020-10-01T15:35:47.994701-03:00] update_category.INFO: SELECT * FROM categoria WHERE id=2 [] []
[2020-10-01T15:35:47.995501-03:00] update_category.INFO: SELECT * FROM categoria WHERE id=2 [] []
[2020-10-01T15:35:47.995821-03:00] update_category.INFO: UPDATE categoria SET descricao = 'Vinhos', ativo = '1' WHERE id=2 [] []
[2020-10-01T15:35:49.717720-03:00] update_category.INFO: SELECT * FROM categoria WHERE id=2 [] []
[2020-10-01T15:35:49.718105-03:00] update_category.INFO: SELECT * FROM categoria WHERE id=2 [] []
[2020-10-01T15:35:49.718324-03:00] update_category.INFO: UPDATE categoria SET descricao = 'Vinhos', ativo = '1' WHERE id=2 [] []
[2020-10-01T15:35:51.219979-03:00] update_category.INFO: SELECT * FROM categoria WHERE id=1 [] []
[2020-10-01T15:35:51.220707-03:00] update_category.INFO: SELECT * FROM categoria WHERE id=1 [] []
[2020-10-01T15:35:51.220924-03:00] update_category.INFO: UPDATE categoria SET descricao = 'Sobremesa', ativo = '1' WHERE id=1 [] []
[2020-10-01T15:35:52.830044-03:00] update_category.INFO: SELECT * FROM categoria WHERE id=1 [] []
[2020-10-01T15:35:52.830663-03:00] update_category.INFO: SELECT * FROM categoria WHERE id=1 [] []
[2020-10-01T15:35:52.830989-03:00] update_category.INFO: UPDATE categoria SET descricao = 'Sobremesa', ativo = '1' WHERE id=1 [] []
[2020-10-01T15:35:54.031375-03:00] update_category.INFO: SELECT * FROM categoria WHERE id=1 [] []
[2020-10-01T15:35:54.031857-03:00] update_category.INFO: SELECT * FROM categoria WHERE id=1 [] []
[2020-10-01T15:35:54.032181-03:00] update_category.INFO: UPDATE categoria SET descricao = 'Sobremesa', ativo = '1' WHERE id=1 [] []
[2020-10-01T15:35:55.708680-03:00] update_category.INFO: SELECT * FROM categoria WHERE id=1 [] []
[2020-10-01T15:35:55.709083-03:00] update_category.INFO: SELECT * FROM categoria WHERE id=1 [] []
[2020-10-01T15:35:55.709303-03:00] update_category.INFO: UPDATE categoria SET descricao = 'Sobremesa', ativo = '1' WHERE id=1 [] []
[2020-10-01T15:35:56.778412-03:00] update_category.INFO: SELECT * FROM categoria WHERE id=2 [] []
[2020-10-01T15:35:56.779025-03:00] update_category.INFO: SELECT * FROM categoria WHERE id=2 [] []
[2020-10-01T15:35:56.779299-03:00] update_category.INFO: UPDATE categoria SET descricao = 'Vinhos', ativo = '1' WHERE id=2 [] []
[2020-10-01T15:35:59.186912-03:00] update_category.INFO: SELECT * FROM categoria WHERE id=1 [] []
[2020-10-01T15:35:59.187498-03:00] update_category.INFO: SELECT * FROM categoria WHERE id=1 [] []
[2020-10-01T15:35:59.187808-03:00] update_category.INFO: UPDATE categoria SET descricao = 'Sobremesa', ativo = '1' WHERE id=1 [] []
[2020-10-01T15:36:05.335437-03:00] update_category.INFO: SELECT * FROM categoria WHERE id=2 [] []
[2020-10-01T15:36:05.335804-03:00] update_category.INFO: SELECT * FROM categoria WHERE id=2 [] []
[2020-10-01T15:36:05.336021-03:00] update_category.INFO: UPDATE categoria SET descricao = 'Vinhos', ativo = '1' WHERE id=2 [] []
[2020-10-01T15:36:11.953383-03:00] update_category.INFO: SELECT * FROM categoria WHERE id=2 [] []
[2020-10-01T15:36:11.953760-03:00] update_category.INFO: SELECT * FROM categoria WHERE id=2 [] []
[2020-10-01T15:36:11.954040-03:00] update_category.INFO: UPDATE categoria SET descricao = 'Vinhos', ativo = '1' WHERE id=2 [] []
[2020-10-01T15:36:14.640300-03:00] update_category.INFO: SELECT * FROM categoria WHERE id=2 [] []
[2020-10-01T15:36:14.640755-03:00] update_category.INFO: SELECT * FROM categoria WHERE id=2 [] []
[2020-10-01T15:36:14.641045-03:00] update_category.INFO: UPDATE categoria SET descricao = 'Vinhos', ativo = '1' WHERE id=2 [] []
[2020-10-01T15:36:16.931264-03:00] update_category.INFO: SELECT * FROM categoria WHERE id=1 [] []
[2020-10-01T15:36:16.931867-03:00] update_category.INFO: SELECT * FROM categoria WHERE id=1 [] []
[2020-10-01T15:36:16.932176-03:00] update_category.INFO: UPDATE categoria SET descricao = 'Sobremesa', ativo = '1' WHERE id=1 [] []
[2020-10-01T15:50:30.782738-03:00] update_category.INFO: SELECT * FROM categoria WHERE id=2 [] []
[2020-10-01T15:50:30.783146-03:00] update_category.INFO: SELECT * FROM categoria WHERE id=2 [] []
[2020-10-01T15:50:30.783363-03:00] update_category.INFO: UPDATE categoria SET descricao = 'Vinhos', ativo = 0 WHERE id=2 [] []
[2020-10-01T15:50:37.601849-03:00] update_category.INFO: SELECT * FROM categoria WHERE id=1 [] []
[2020-10-01T15:50:37.602605-03:00] update_category.INFO: SELECT * FROM categoria WHERE id=1 [] []
[2020-10-01T15:50:37.602878-03:00] update_category.INFO: UPDATE categoria SET descricao = 'Sobremesa', ativo = 0 WHERE id=1 [] []
[2020-10-01T15:50:42.991263-03:00] update_category.INFO: SELECT * FROM categoria WHERE id=1 [] []
[2020-10-01T15:50:42.991895-03:00] update_category.INFO: SELECT * FROM categoria WHERE id=1 [] []
[2020-10-01T15:50:42.992099-03:00] update_category.INFO: UPDATE categoria SET descricao = 'Sobremesa', ativo = '1' WHERE id=1 [] []
[2020-10-01T15:50:43.787836-03:00] update_category.INFO: SELECT * FROM categoria WHERE id=2 [] []
[2020-10-01T15:50:43.788624-03:00] update_category.INFO: SELECT * FROM categoria WHERE id=2 [] []
[2020-10-01T15:50:43.788931-03:00] update_category.INFO: UPDATE categoria SET descricao = 'Vinhos', ativo = '1' WHERE id=2 [] []
[2020-10-01T15:52:03.780377-03:00] update_category.INFO: SELECT * FROM categoria WHERE id=3 [] []
[2020-10-01T15:52:03.781038-03:00] update_category.INFO: SELECT * FROM categoria WHERE id=3 [] []
[2020-10-01T15:52:03.781345-03:00] update_category.INFO: UPDATE categoria SET descricao = 'Massas', ativo = 0 WHERE id=3 [] []
[2020-10-01T15:52:05.242481-03:00] update_category.INFO: SELECT * FROM categoria WHERE id=3 [] []
[2020-10-01T15:52:05.242999-03:00] update_category.INFO: SELECT * FROM categoria WHERE id=3 [] []
[2020-10-01T15:52:05.243194-03:00] update_category.INFO: UPDATE categoria SET descricao = 'Massas', ativo = '1' WHERE id=3 [] []
[2020-10-01T15:52:10.268407-03:00] update_category.INFO: SELECT * FROM categoria WHERE id=3 [] []
[2020-10-01T15:52:10.268907-03:00] update_category.INFO: SELECT * FROM categoria WHERE id=3 [] []
[2020-10-01T15:52:10.269103-03:00] update_category.INFO: UPDATE categoria SET descricao = 'Massas', ativo = 0 WHERE id=3 [] []
[2020-10-01T15:52:18.784749-03:00] update_category.INFO: SELECT * FROM categoria WHERE id=3 [] []
[2020-10-01T15:52:18.785262-03:00] update_category.INFO: SELECT * FROM categoria WHERE id=3 [] []
[2020-10-01T15:52:18.788074-03:00] update_category.INFO: UPDATE categoria SET descricao = 'Massas', ativo = 0 WHERE id=3 [] []
[2020-10-01T15:52:19.777780-03:00] update_category.INFO: SELECT * FROM categoria WHERE id=3 [] []
[2020-10-01T15:52:19.778169-03:00] update_category.INFO: SELECT * FROM categoria WHERE id=3 [] []
[2020-10-01T15:52:19.778404-03:00] update_category.INFO: UPDATE categoria SET descricao = 'Massas', ativo = 0 WHERE id=3 [] []
[2020-10-01T15:52:21.213529-03:00] update_category.INFO: SELECT * FROM categoria WHERE id=2 [] []
[2020-10-01T15:52:21.214071-03:00] update_category.INFO: SELECT * FROM categoria WHERE id=2 [] []
[2020-10-01T15:52:21.214363-03:00] update_category.INFO: UPDATE categoria SET descricao = 'Vinhos', ativo = '1' WHERE id=2 [] []
[2020-10-01T15:52:21.878246-03:00] update_category.INFO: SELECT * FROM categoria WHERE id=1 [] []
[2020-10-01T15:52:21.878654-03:00] update_category.INFO: SELECT * FROM categoria WHERE id=1 [] []
[2020-10-01T15:52:21.878961-03:00] update_category.INFO: UPDATE categoria SET descricao = 'Sobremesa', ativo = '1' WHERE id=1 [] []
[2020-10-01T15:52:22.405699-03:00] update_category.INFO: SELECT * FROM categoria WHERE id=2 [] []
[2020-10-01T15:52:22.406077-03:00] update_category.INFO: SELECT * FROM categoria WHERE id=2 [] []
[2020-10-01T15:52:22.406309-03:00] update_category.INFO: UPDATE categoria SET descricao = 'Vinhos', ativo = '1' WHERE id=2 [] []
[2020-10-01T15:52:22.838486-03:00] update_category.INFO: SELECT * FROM categoria WHERE id=3 [] []
[2020-10-01T15:52:22.838904-03:00] update_category.INFO: SELECT * FROM categoria WHERE id=3 [] []
[2020-10-01T15:52:22.839176-03:00] update_category.INFO: UPDATE categoria SET descricao = 'Massas', ativo = 0 WHERE id=3 [] []
[2020-10-01T15:52:24.946960-03:00] update_category.INFO: SELECT * FROM categoria WHERE id=3 [] []
[2020-10-01T15:52:24.947450-03:00] update_category.INFO: SELECT * FROM categoria WHERE id=3 [] []
[2020-10-01T15:52:24.947768-03:00] update_category.INFO: UPDATE categoria SET descricao = 'Massas', ativo = '1' WHERE id=3 [] []
[2020-10-01T18:11:38.083579-03:00] update_category.INFO: SELECT * FROM categoria WHERE id=3 [] []
[2020-10-01T18:11:38.084351-03:00] update_category.INFO: SELECT * FROM categoria WHERE id=3 [] []
[2020-10-01T18:11:38.084640-03:00] update_category.INFO: UPDATE categoria SET descricao = 'Massas', ativo = '1' WHERE id=3 [] []
[2020-10-01T18:11:39.333369-03:00] update_category.INFO: SELECT * FROM categoria WHERE id=3 [] []
[2020-10-01T18:11:39.333931-03:00] update_category.INFO: SELECT * FROM categoria WHERE id=3 [] []
[2020-10-01T18:11:39.334277-03:00] update_category.INFO: UPDATE categoria SET descricao = 'Massas', ativo = '1' WHERE id=3 [] []
[2020-10-01T18:11:40.359496-03:00] update_category.INFO: SELECT * FROM categoria WHERE id=2 [] []
[2020-10-01T18:11:40.359875-03:00] update_category.INFO: SELECT * FROM categoria WHERE id=2 [] []
[2020-10-01T18:11:40.360092-03:00] update_category.INFO: UPDATE categoria SET descricao = 'Vinhos', ativo = '1' WHERE id=2 [] []
[2020-10-01T18:11:41.103370-03:00] update_category.INFO: SELECT * FROM categoria WHERE id=1 [] []
[2020-10-01T18:11:41.103933-03:00] update_category.INFO: SELECT * FROM categoria WHERE id=1 [] []
[2020-10-01T18:11:41.104219-03:00] update_category.INFO: UPDATE categoria SET descricao = 'Sobremesa', ativo = '1' WHERE id=1 [] []
[2020-10-01T18:11:45.731978-03:00] update_category.INFO: SELECT * FROM categoria WHERE id=3 [] []
[2020-10-01T18:11:45.732365-03:00] update_category.INFO: SELECT * FROM categoria WHERE id=3 [] []
[2020-10-01T18:11:45.732561-03:00] update_category.INFO: UPDATE categoria SET descricao = 'Massas', ativo = 0 WHERE id=3 [] []
[2020-10-01T18:11:51.936649-03:00] update_category.INFO: SELECT * FROM categoria WHERE id=3 [] []
[2020-10-01T18:11:51.937403-03:00] update_category.INFO: SELECT * FROM categoria WHERE id=3 [] []
[2020-10-01T18:11:51.937725-03:00] update_category.INFO: UPDATE categoria SET descricao = 'Massas', ativo = '1' WHERE id=3 [] []
[2020-10-01T18:11:56.472475-03:00] update_category.INFO: SELECT * FROM categoria WHERE id=3 [] []
[2020-10-01T18:11:56.473068-03:00] update_category.INFO: SELECT * FROM categoria WHERE id=3 [] []
[2020-10-01T18:11:56.473393-03:00] update_category.INFO: UPDATE categoria SET descricao = 'Massas', ativo = 0 WHERE id=3 [] []
[2020-10-01T18:11:57.438077-03:00] update_category.INFO: SELECT * FROM categoria WHERE id=3 [] []
[2020-10-01T18:11:57.438602-03:00] update_category.INFO: SELECT * FROM categoria WHERE id=3 [] []
[2020-10-01T18:11:57.438913-03:00] update_category.INFO: UPDATE categoria SET descricao = 'Massas', ativo = '1' WHERE id=3 [] []
[2020-10-01T18:12:07.363992-03:00] update_category.INFO: SELECT * FROM categoria WHERE id=3 [] []
[2020-10-01T18:12:07.364537-03:00] update_category.INFO: SELECT * FROM categoria WHERE id=3 [] []
[2020-10-01T18:12:07.364780-03:00] update_category.INFO: UPDATE categoria SET descricao = 'Massas', ativo = '1' WHERE id=3 [] []
[2020-10-01T18:12:09.595906-03:00] update_category.INFO: SELECT * FROM categoria WHERE id=3 [] []
[2020-10-01T18:12:09.596262-03:00] update_category.INFO: SELECT * FROM categoria WHERE id=3 [] []
[2020-10-01T18:12:09.596518-03:00] update_category.INFO: UPDATE categoria SET descricao = 'Massas', ativo = '1' WHERE id=3 [] []
[2020-10-01T18:12:10.524558-03:00] update_category.INFO: SELECT * FROM categoria WHERE id=2 [] []
[2020-10-01T18:12:10.524933-03:00] update_category.INFO: SELECT * FROM categoria WHERE id=2 [] []
[2020-10-01T18:12:10.525141-03:00] update_category.INFO: UPDATE categoria SET descricao = 'Vinhos', ativo = '1' WHERE id=2 [] []
[2020-10-01T18:12:11.237458-03:00] update_category.INFO: SELECT * FROM categoria WHERE id=1 [] []
[2020-10-01T18:12:11.238064-03:00] update_category.INFO: SELECT * FROM categoria WHERE id=1 [] []
[2020-10-01T18:12:11.238383-03:00] update_category.INFO: UPDATE categoria SET descricao = 'Sobremesa', ativo = '1' WHERE id=1 [] []
[2020-10-01T18:12:11.829908-03:00] update_category.INFO: SELECT * FROM categoria WHERE id=2 [] []
[2020-10-01T18:12:11.830421-03:00] update_category.INFO: SELECT * FROM categoria WHERE id=2 [] []
[2020-10-01T18:12:11.830760-03:00] update_category.INFO: UPDATE categoria SET descricao = 'Vinhos', ativo = '1' WHERE id=2 [] []
[2020-10-01T18:12:15.515644-03:00] update_category.INFO: SELECT * FROM categoria WHERE id=3 [] []
[2020-10-01T18:12:15.516006-03:00] update_category.INFO: SELECT * FROM categoria WHERE id=3 [] []
[2020-10-01T18:12:15.516226-03:00] update_category.INFO: UPDATE categoria SET descricao = 'Massas', ativo = 0 WHERE id=3 [] []
[2020-10-01T18:12:28.330253-03:00] update_category.INFO: SELECT * FROM categoria WHERE id=3 [] []
[2020-10-01T18:12:28.330797-03:00] update_category.INFO: SELECT * FROM categoria WHERE id=3 [] []
[2020-10-01T18:12:28.331125-03:00] update_category.INFO: UPDATE categoria SET descricao = 'Massas', ativo = 0 WHERE id=3 [] []
[2020-10-01T18:12:32.147801-03:00] update_category.INFO: SELECT * FROM categoria WHERE id=3 [] []
[2020-10-01T18:12:32.148262-03:00] update_category.INFO: SELECT * FROM categoria WHERE id=3 [] []
[2020-10-01T18:12:32.148572-03:00] update_category.INFO: UPDATE categoria SET descricao = 'Massas', ativo = '1' WHERE id=3 [] []
[2020-10-01T18:12:46.596743-03:00] update_category.INFO: SELECT * FROM categoria WHERE id=3 [] []
[2020-10-01T18:12:46.597272-03:00] update_category.INFO: SELECT * FROM categoria WHERE id=3 [] []
[2020-10-01T18:12:46.597563-03:00] update_category.INFO: UPDATE categoria SET descricao = 'Massas', ativo = 0 WHERE id=3 [] []
[2020-10-01T18:12:47.288783-03:00] update_category.INFO: SELECT * FROM categoria WHERE id=3 [] []
[2020-10-01T18:12:47.289312-03:00] update_category.INFO: SELECT * FROM categoria WHERE id=3 [] []
[2020-10-01T18:12:47.289515-03:00] update_category.INFO: UPDATE categoria SET descricao = 'Massas', ativo = '1' WHERE id=3 [] []
[2020-10-01T18:12:52.431892-03:00] update_category.INFO: SELECT * FROM categoria WHERE id=3 [] []
[2020-10-01T18:12:52.432419-03:00] update_category.INFO: SELECT * FROM categoria WHERE id=3 [] []
[2020-10-01T18:12:52.432658-03:00] update_category.INFO: UPDATE categoria SET descricao = 'Massas', ativo = '1' WHERE id=3 [] []
[2020-10-01T18:12:54.738942-03:00] update_category.INFO: SELECT * FROM categoria WHERE id=3 [] []
[2020-10-01T18:12:54.739475-03:00] update_category.INFO: SELECT * FROM categoria WHERE id=3 [] []
[2020-10-01T18:12:54.739834-03:00] update_category.INFO: UPDATE categoria SET descricao = 'Massas', ativo = 0 WHERE id=3 [] []
[2020-10-01T18:12:55.548828-03:00] update_category.INFO: SELECT * FROM categoria WHERE id=3 [] []
[2020-10-01T18:12:55.549329-03:00] update_category.INFO: SELECT * FROM categoria WHERE id=3 [] []
[2020-10-01T18:12:55.549541-03:00] update_category.INFO: UPDATE categoria SET descricao = 'Massas', ativo = '1' WHERE id=3 [] []
[2020-10-01T18:27:40.526684-03:00] update_category.INFO: SELECT * FROM categoria WHERE id=4 [] []
[2020-10-01T18:27:40.527414-03:00] update_category.INFO: SELECT * FROM categoria WHERE id=4 [] []
[2020-10-01T18:27:40.527712-03:00] update_category.INFO: UPDATE categoria SET descricao = 'Teste', ativo = '1' WHERE id=4 [] []
[2020-10-01T18:27:41.384957-03:00] update_category.INFO: SELECT * FROM categoria WHERE id=4 [] []
[2020-10-01T18:27:41.385312-03:00] update_category.INFO: SELECT * FROM categoria WHERE id=4 [] []
[2020-10-01T18:27:41.385518-03:00] update_category.INFO: UPDATE categoria SET descricao = 'Teste', ativo = '1' WHERE id=4 [] []
[2020-10-01T18:27:41.834990-03:00] update_category.INFO: SELECT * FROM categoria WHERE id=4 [] []
[2020-10-01T18:27:41.835335-03:00] update_category.INFO: SELECT * FROM categoria WHERE id=4 [] []
[2020-10-01T18:27:41.835537-03:00] update_category.INFO: UPDATE categoria SET descricao = 'Teste', ativo = '1' WHERE id=4 [] []
[2020-10-01T18:27:42.367373-03:00] update_category.INFO: SELECT * FROM categoria WHERE id=3 [] []
[2020-10-01T18:27:42.367880-03:00] update_category.INFO: SELECT * FROM categoria WHERE id=3 [] []
[2020-10-01T18:27:42.368067-03:00] update_category.INFO: UPDATE categoria SET descricao = 'Massas', ativo = '1' WHERE id=3 [] []
[2020-10-01T18:27:42.630406-03:00] update_category.INFO: SELECT * FROM categoria WHERE id=3 [] []
[2020-10-01T18:27:42.630917-03:00] update_category.INFO: SELECT * FROM categoria WHERE id=3 [] []
[2020-10-01T18:27:42.631188-03:00] update_category.INFO: UPDATE categoria SET descricao = 'Massas', ativo = '1' WHERE id=3 [] []
[2020-10-01T18:27:43.289694-03:00] update_category.INFO: SELECT * FROM categoria WHERE id=2 [] []
[2020-10-01T18:27:43.290208-03:00] update_category.INFO: SELECT * FROM categoria WHERE id=2 [] []
[2020-10-01T18:27:43.290460-03:00] update_category.INFO: UPDATE categoria SET descricao = 'Vinhos', ativo = '1' WHERE id=2 [] []
[2020-10-01T18:27:43.515102-03:00] update_category.INFO: SELECT * FROM categoria WHERE id=2 [] []
[2020-10-01T18:27:43.515492-03:00] update_category.INFO: SELECT * FROM categoria WHERE id=2 [] []
[2020-10-01T18:27:43.515705-03:00] update_category.INFO: UPDATE categoria SET descricao = 'Vinhos', ativo = '1' WHERE id=2 [] []
[2020-10-01T18:27:47.774177-03:00] update_category.INFO: SELECT * FROM categoria WHERE id=4 [] []
[2020-10-01T18:27:47.774574-03:00] update_category.INFO: SELECT * FROM categoria WHERE id=4 [] []
[2020-10-01T18:27:47.774866-03:00] update_category.INFO: UPDATE categoria SET descricao = 'Teste', ativo = '1' WHERE id=4 [] []
[2020-10-01T18:27:50.502528-03:00] update_category.INFO: SELECT * FROM categoria WHERE id=4 [] []
[2020-10-01T18:27:50.502978-03:00] update_category.INFO: SELECT * FROM categoria WHERE id=4 [] []
[2020-10-01T18:27:50.503176-03:00] update_category.INFO: UPDATE categoria SET descricao = 'Teste', ativo = 0 WHERE id=4 [] []
[2020-10-01T18:27:51.586862-03:00] update_category.INFO: SELECT * FROM categoria WHERE id=4 [] []
[2020-10-01T18:27:51.587339-03:00] update_category.INFO: SELECT * FROM categoria WHERE id=4 [] []
[2020-10-01T18:27:51.587534-03:00] update_category.INFO: UPDATE categoria SET descricao = 'Teste', ativo = '1' WHERE id=4 [] []
